# Exemplo de \LaTeX

	Viviane Teles de Lucca Maranhao \\ viviane@ime.usp.br



## Introduction

#### **1.1	PIPIPOPO**


#### **1.2	PIPIPOPO 2**


#### **1.3	PIPIPOPO 3**


asd 

## Haha 2

#### **2.1	fodase haha**


Vejam as 

**negro** rato aiaia 

<ins>rata blanca</ins> *italia*   

##### **2.2.1	seu**


##### **2.2.2	seu pip**


asd asd 

## mey falo

#### **3.1	pay attention**


**negro** rato aiaia 

<ins>rata blanca</ins> *italia*   

##### **3.2.1	seu**


##### **3.2.2	seu pip**


asd asd 

## mey falo

#### **4.1	pay attention**


**negro** rato aiaia 

<ins>rata blanca</ins> *italia*   

##### **4.2.1	seu**


##### **4.2.2	seu pip**


asd asd 

## mey falo

#### **5.1	pay attention**


**negro** rato aiaia 

<ins>rata blanca</ins> *italia*   

##### **5.2.1	seu**


##### **5.2.2	seu pip**


asd asd 

## mey falo

#### **6.1	pay attention**


**negro** rato aiaia 

<ins>rata blanca</ins> *italia*   

##### **6.2.1	seu**


##### **6.2.2	seu pip**


asd asd 

## mey falo

#### **7.1	pay attention**


* aranha asd
* macaoa 2


1. aranha nn
1. macao bf


asd asd 

**asd** asd 

